<?xml version="1.0" encoding="UTF-8"?>
<!-- Generated by org.testng.reporters.JUnitReportReporter -->
<testsuite hostname="DESKTOP-IE1H23R" failures="0" tests="1" name="testCases.TC_001_AccountRegistrationPage" time="3.618" errors="0" timestamp="2023-04-26T12:14:51 IST" skipped="0">
  <testcase classname="testCases.TC_001_AccountRegistrationPage" name="account_registration" time="3.618"/>
  <system-out/>
</testsuite> <!-- testCases.TC_001_AccountRegistrationPage -->
