<?xml version="1.0" encoding="UTF-8"?>
<!-- Generated by org.testng.reporters.JUnitReportReporter -->
<testsuite hostname="DESKTOP-IE1H23R" failures="0" tests="1" name="testCases.TC_002_LoginPage" time="2.510" errors="0" timestamp="2023-04-26T12:08:22 IST" skipped="0">
  <testcase classname="testCases.TC_002_LoginPage" name="loginpage" time="2.510"/>
  <system-out/>
</testsuite> <!-- testCases.TC_002_LoginPage -->
